TN:
SF:/Users/ens/pwd/uxcore/uxcore-multi-select/src/index.js
FNF:0
FNH:0
DA:11,1
LF:1
LH:1
BRF:0
BRH:0
end_of_record
TN:
SF:/Users/ens/pwd/uxcore/uxcore-multi-select/src/MultiSelect.jsx
FN:7,(anonymous_1)
FN:37,_interopRequireDefault
FN:39,_defaults
FN:41,_defineProperty
FN:43,_classCallCheck
FN:45,_possibleConstructorReturn
FN:47,_inherits
FN:55,(anonymous_8)
FN:58,MultiSelect
FN:70,(anonymous_10)
FN:82,(anonymous_11)
FN:90,(anonymous_12)
FN:97,(anonymous_13)
FN:105,(anonymous_14)
FN:111,(anonymous_15)
FN:115,(anonymous_16)
FN:120,(anonymous_17)
FN:163,(anonymous_18)
FN:165,(anonymous_19)
FN:178,renderSelectAll
FN:187,(anonymous_21)
FN:210,onChange
FN:223,renderMaxSelect
FN:232,render
FN:250,(anonymous_25)
FN:351,onChange
FN:352,onSubmit
FNF:27
FNH:23
FNDA:28,(anonymous_1)
FNDA:7,_interopRequireDefault
FNDA:1,_defaults
FNDA:150,_defineProperty
FNDA:9,_classCallCheck
FNDA:18,_possibleConstructorReturn
FNDA:1,_inherits
FNDA:1,(anonymous_8)
FNDA:9,MultiSelect
FNDA:5,(anonymous_10)
FNDA:2,(anonymous_11)
FNDA:6,(anonymous_12)
FNDA:2,(anonymous_13)
FNDA:6,(anonymous_14)
FNDA:0,(anonymous_15)
FNDA:30,(anonymous_16)
FNDA:56,(anonymous_17)
FNDA:60,(anonymous_18)
FNDA:3,(anonymous_19)
FNDA:9,renderSelectAll
FNDA:13,(anonymous_21)
FNDA:0,onChange
FNDA:6,renderMaxSelect
FNDA:15,render
FNDA:28,(anonymous_25)
FNDA:0,onChange
FNDA:0,onSubmit
DA:3,1
DA:7,142
DA:9,1
DA:11,1
DA:13,1
DA:15,1
DA:17,1
DA:19,1
DA:21,1
DA:23,1
DA:25,1
DA:27,1
DA:29,1
DA:31,1
DA:33,1
DA:35,1
DA:37,7
DA:39,5
DA:41,150
DA:43,9
DA:45,18
DA:47,1
DA:55,1
DA:56,1
DA:58,1
DA:59,9
DA:61,9
DA:63,9
DA:64,27
DA:67,9
DA:71,5
DA:74,5
DA:75,5
DA:76,1
DA:78,4
DA:79,4
DA:81,5
DA:83,2
DA:86,2
DA:87,2
DA:88,0
DA:90,2
DA:91,6
DA:92,5
DA:96,2
DA:98,2
DA:101,2
DA:102,2
DA:103,0
DA:105,2
DA:106,6
DA:107,1
DA:110,2
DA:112,0
DA:116,30
DA:119,30
DA:120,30
DA:121,56
DA:122,4
DA:124,2
DA:135,2
DA:137,0
DA:140,52
DA:143,30
DA:144,28
DA:146,14
DA:151,14
DA:153,14
DA:154,14
DA:156,0
DA:158,2
DA:159,1
DA:160,1
DA:162,30
DA:164,60
DA:166,3
DA:169,3
DA:170,1
DA:172,2
DA:178,1
DA:179,9
DA:181,9
DA:183,9
DA:184,9
DA:185,9
DA:186,9
DA:187,9
DA:188,13
DA:189,11
DA:190,11
DA:191,11
DA:192,1
DA:193,1
DA:197,9
DA:198,9
DA:211,0
DA:212,0
DA:214,0
DA:223,1
DA:224,6
DA:225,6
DA:232,1
DA:233,15
DA:235,15
DA:238,15
DA:251,28
DA:286,15
DA:319,1
DA:322,1
DA:323,1
DA:324,1
DA:340,1
DA:356,1
DA:357,1
LF:114
LH:106
BRDA:7,1,0,1
BRDA:7,1,1,1
BRDA:7,2,0,142
BRDA:7,2,1,0
BRDA:37,3,0,0
BRDA:37,3,1,7
BRDA:37,4,0,7
BRDA:37,4,1,7
BRDA:39,5,0,0
BRDA:39,5,1,5
BRDA:39,6,0,5
BRDA:39,6,1,5
BRDA:39,6,2,0
BRDA:41,7,0,0
BRDA:41,7,1,150
BRDA:43,8,0,0
BRDA:43,8,1,9
BRDA:45,9,0,0
BRDA:45,9,1,18
BRDA:45,10,0,9
BRDA:45,10,1,9
BRDA:45,11,0,18
BRDA:45,11,1,9
BRDA:45,11,2,0
BRDA:47,12,0,0
BRDA:47,12,1,1
BRDA:47,13,0,1
BRDA:47,13,1,0
BRDA:47,14,0,1
BRDA:47,14,1,1
BRDA:47,15,0,1
BRDA:47,15,1,0
BRDA:47,16,0,0
BRDA:47,16,1,1
BRDA:75,17,0,1
BRDA:75,17,1,4
BRDA:75,18,0,5
BRDA:75,18,1,5
BRDA:87,19,0,0
BRDA:87,19,1,2
BRDA:91,20,0,5
BRDA:91,20,1,1
BRDA:91,21,0,6
BRDA:91,21,1,2
BRDA:102,22,0,0
BRDA:102,22,1,2
BRDA:106,23,0,1
BRDA:106,23,1,5
BRDA:106,24,0,6
BRDA:106,24,1,2
BRDA:120,25,0,30
BRDA:120,25,1,6
BRDA:121,26,0,4
BRDA:121,26,1,52
BRDA:122,27,0,2
BRDA:122,27,1,2
BRDA:122,27,2,0
BRDA:143,28,0,28
BRDA:143,28,1,2
BRDA:144,29,0,14
BRDA:144,29,1,14
BRDA:144,29,2,0
BRDA:158,30,0,1
BRDA:158,30,1,1
BRDA:162,31,0,15
BRDA:162,31,1,15
BRDA:169,32,0,1
BRDA:169,32,1,2
BRDA:188,33,0,11
BRDA:188,33,1,2
BRDA:191,34,0,1
BRDA:191,34,1,10
BRDA:197,35,0,7
BRDA:197,35,1,2
BRDA:208,36,0,0
BRDA:208,36,1,9
BRDA:211,37,0,0
BRDA:211,37,1,0
BRDA:258,38,0,15
BRDA:258,38,1,9
BRDA:258,38,2,0
BRDA:260,39,0,6
BRDA:260,39,1,9
BRF:83
BRH:63
end_of_record
TN:
SF:/Users/ens/pwd/uxcore/uxcore-multi-select/src/i18n.js
FNF:0
FNH:0
DA:3,1
LF:1
LH:1
BRF:0
BRH:0
end_of_record
TN:
SF:/Users/ens/pwd/uxcore/uxcore-multi-select/src/Checkbox.jsx
FN:7,(anonymous_1)
FN:17,_interopRequireDefault
FN:19,_defaults
FN:21,_defineProperty
FN:23,_classCallCheck
FN:25,_possibleConstructorReturn
FN:27,_inherits
FN:29,(anonymous_8)
FN:32,CheckBox
FN:38,getValue
FN:42,handleChange
FN:46,handleClick
FN:55,renderHalfChecked
FN:70,renderCheckBox
FN:78,ref
FN:86,render
FN:110,onChange
FNF:17
FNH:12
FNDA:3,(anonymous_1)
FNDA:2,_interopRequireDefault
FNDA:1,_defaults
FNDA:3,_defineProperty
FNDA:2,_classCallCheck
FNDA:2,_possibleConstructorReturn
FNDA:1,_inherits
FNDA:1,(anonymous_8)
FNDA:2,CheckBox
FNDA:0,getValue
FNDA:0,handleChange
FNDA:0,handleClick
FNDA:0,renderHalfChecked
FNDA:3,renderCheckBox
FNDA:4,ref
FNDA:3,render
FNDA:0,onChange
DA:3,1
DA:7,9
DA:9,1
DA:11,1
DA:13,1
DA:15,1
DA:17,2
DA:19,5
DA:21,3
DA:23,2
DA:25,2
DA:27,1
DA:29,1
DA:30,1
DA:32,1
DA:33,2
DA:35,2
DA:38,1
DA:39,0
DA:42,1
DA:43,0
DA:46,1
DA:48,0
DA:55,1
DA:56,0
DA:70,1
DA:71,3
DA:73,3
DA:79,4
DA:86,1
DA:87,3
DA:88,3
DA:89,0
DA:91,3
DA:96,3
DA:99,1
DA:102,1
DA:109,1
DA:113,1
DA:114,1
LF:40
LH:35
BRDA:7,1,0,1
BRDA:7,1,1,1
BRDA:7,2,0,9
BRDA:7,2,1,0
BRDA:17,3,0,0
BRDA:17,3,1,2
BRDA:17,4,0,2
BRDA:17,4,1,2
BRDA:19,5,0,0
BRDA:19,5,1,5
BRDA:19,6,0,5
BRDA:19,6,1,5
BRDA:19,6,2,0
BRDA:21,7,0,0
BRDA:21,7,1,3
BRDA:23,8,0,0
BRDA:23,8,1,2
BRDA:25,9,0,0
BRDA:25,9,1,2
BRDA:25,10,0,0
BRDA:25,10,1,2
BRDA:25,11,0,2
BRDA:25,11,1,0
BRDA:25,11,2,0
BRDA:27,12,0,0
BRDA:27,12,1,1
BRDA:27,13,0,1
BRDA:27,13,1,0
BRDA:27,14,0,1
BRDA:27,14,1,1
BRDA:27,15,0,1
BRDA:27,15,1,0
BRDA:27,16,0,0
BRDA:27,16,1,1
BRDA:88,17,0,0
BRDA:88,17,1,3
BRF:36
BRH:21
end_of_record
