TN:
SF:/Users/ens/pwd/uxcore/uxcore-multi-select/src/index.js
FNF:0
FNH:0
DA:11,1
LF:1
LH:1
BRF:0
BRH:0
end_of_record
TN:
SF:/Users/ens/pwd/uxcore/uxcore-multi-select/src/MultiSelect.jsx
FN:7,(anonymous_1)
FN:29,_interopRequireDefault
FN:31,_defaults
FN:33,_defineProperty
FN:35,_classCallCheck
FN:37,_possibleConstructorReturn
FN:39,_inherits
FN:47,(anonymous_8)
FN:50,MultiSelect
FN:62,(anonymous_10)
FN:74,(anonymous_11)
FN:82,(anonymous_12)
FN:89,(anonymous_13)
FN:97,(anonymous_14)
FN:103,(anonymous_15)
FN:108,(anonymous_16)
FN:151,(anonymous_17)
FN:153,(anonymous_18)
FN:166,render
FN:175,(anonymous_20)
FN:193,(anonymous_21)
FN:296,onChange
FN:297,onSubmit
FNF:23
FNH:21
FNDA:30,(anonymous_1)
FNDA:5,_interopRequireDefault
FNDA:1,_defaults
FNDA:165,_defineProperty
FNDA:9,_classCallCheck
FNDA:18,_possibleConstructorReturn
FNDA:1,_inherits
FNDA:1,(anonymous_8)
FNDA:9,MultiSelect
FNDA:5,(anonymous_10)
FNDA:3,(anonymous_11)
FNDA:6,(anonymous_12)
FNDA:3,(anonymous_13)
FNDA:6,(anonymous_14)
FNDA:30,(anonymous_15)
FNDA:60,(anonymous_16)
FNDA:64,(anonymous_17)
FNDA:3,(anonymous_18)
FNDA:15,render
FNDA:30,(anonymous_20)
FNDA:30,(anonymous_21)
FNDA:0,onChange
FNDA:0,onSubmit
DA:3,1
DA:7,152
DA:9,1
DA:11,1
DA:13,1
DA:15,1
DA:17,1
DA:19,1
DA:21,1
DA:23,1
DA:25,1
DA:27,1
DA:29,5
DA:31,5
DA:33,165
DA:35,9
DA:37,18
DA:39,1
DA:47,1
DA:48,1
DA:50,1
DA:51,9
DA:53,9
DA:55,9
DA:56,27
DA:59,9
DA:63,5
DA:66,5
DA:67,5
DA:68,1
DA:70,4
DA:71,4
DA:73,5
DA:75,3
DA:78,3
DA:79,3
DA:80,1
DA:82,2
DA:83,6
DA:84,5
DA:88,2
DA:90,3
DA:93,3
DA:94,3
DA:95,1
DA:97,2
DA:98,6
DA:99,1
DA:102,2
DA:104,30
DA:107,30
DA:108,30
DA:109,60
DA:110,4
DA:112,2
DA:123,2
DA:125,0
DA:128,56
DA:131,30
DA:132,28
DA:134,14
DA:139,14
DA:141,14
DA:142,14
DA:144,0
DA:146,2
DA:147,1
DA:148,1
DA:150,30
DA:152,64
DA:154,3
DA:157,3
DA:158,1
DA:160,2
DA:166,1
DA:167,15
DA:169,15
DA:173,15
DA:175,15
DA:176,30
DA:177,28
DA:181,15
DA:194,30
DA:232,15
DA:265,1
DA:268,1
DA:269,1
DA:270,1
DA:285,1
DA:299,1
DA:300,1
LF:91
LH:89
BRDA:7,1,0,1
BRDA:7,1,1,1
BRDA:7,2,0,152
BRDA:7,2,1,0
BRDA:29,3,0,0
BRDA:29,3,1,5
BRDA:29,4,0,5
BRDA:29,4,1,5
BRDA:31,5,0,0
BRDA:31,5,1,5
BRDA:31,6,0,5
BRDA:31,6,1,5
BRDA:31,6,2,0
BRDA:33,7,0,0
BRDA:33,7,1,165
BRDA:35,8,0,0
BRDA:35,8,1,9
BRDA:37,9,0,0
BRDA:37,9,1,18
BRDA:37,10,0,9
BRDA:37,10,1,9
BRDA:37,11,0,18
BRDA:37,11,1,9
BRDA:37,11,2,0
BRDA:39,12,0,0
BRDA:39,12,1,1
BRDA:39,13,0,1
BRDA:39,13,1,0
BRDA:39,14,0,1
BRDA:39,14,1,1
BRDA:39,15,0,1
BRDA:39,15,1,0
BRDA:39,16,0,0
BRDA:39,16,1,1
BRDA:67,17,0,1
BRDA:67,17,1,4
BRDA:67,18,0,5
BRDA:67,18,1,5
BRDA:79,19,0,1
BRDA:79,19,1,2
BRDA:83,20,0,5
BRDA:83,20,1,1
BRDA:83,21,0,6
BRDA:83,21,1,2
BRDA:94,22,0,1
BRDA:94,22,1,2
BRDA:98,23,0,1
BRDA:98,23,1,5
BRDA:98,24,0,6
BRDA:98,24,1,2
BRDA:108,25,0,30
BRDA:108,25,1,4
BRDA:109,26,0,4
BRDA:109,26,1,56
BRDA:110,27,0,2
BRDA:110,27,1,2
BRDA:110,27,2,0
BRDA:131,28,0,28
BRDA:131,28,1,2
BRDA:132,29,0,14
BRDA:132,29,1,14
BRDA:132,29,2,0
BRDA:146,30,0,1
BRDA:146,30,1,1
BRDA:150,31,0,15
BRDA:150,31,1,15
BRDA:157,32,0,1
BRDA:157,32,1,2
BRDA:176,33,0,28
BRDA:176,33,1,2
BRDA:201,34,0,15
BRDA:201,34,1,10
BRDA:201,34,2,0
BRDA:203,35,0,15
BRDA:203,35,1,5
BRDA:215,36,0,15
BRDA:215,36,1,5
BRF:77
BRH:62
end_of_record
